------------------------------------------------------------------
SIMULATION DU 09/01/18 16:58:34 GST NUMERO 0
terminée à 09/01/18 17:00:40 GST
------------------------------------------------------------------
------------------------------------------------------------------
SIMULATION DU 30/01/18 19:17:44 CET NUMERO 1
terminée à 30/01/18 19:18:06 CET
------------------------------------------------------------------
------------------------------------------------------------------
SIMULATION DU 21/06/19 11:13:49 CEST NUMERO 0
terminée à 21/06/19 11:14:50 CEST
------------------------------------------------------------------
------------------------------------------------------------------
SIMULATION DU 21/06/19 11:31:26 CEST NUMERO 1
terminée à 21/06/19 11:32:25 CEST
------------------------------------------------------------------
------------------------------------------------------------------
SIMULATION DU 21/06/19 13:19:47 CEST NUMERO 2
terminée à 21/06/19 13:21:00 CEST
------------------------------------------------------------------
------------------------------------------------------------------
SIMULATION DU 21/06/19 13:23:16 CEST NUMERO 3
terminée à 21/06/19 13:24:30 CEST
------------------------------------------------------------------
------------------------------------------------------------------
SIMULATION DU 21/06/19 14:15:43 CEST NUMERO 4
terminée à 21/06/19 14:16:56 CEST
------------------------------------------------------------------
